"QUERY PLAN"
"Sort  (cost=14.45..14.47 rows=7 width=28) (actual time=0.071..0.071 rows=1 loops=1)"
"  Sort Key: bidamount DESC"
"  Sort Method: quicksort  Memory: 25kB"
"  ->  Bitmap Heap Scan on bids  (cost=4.21..14.35 rows=7 width=28) (actual time=0.062..0.063 rows=1 loops=1)"
"        Recheck Cond: (itemid = 1)"
"        Heap Blocks: exact=1"
"        ->  Bitmap Index Scan on idx_bids_itemid  (cost=0.00..4.21 rows=7 width=0) (actual time=0.015..0.015 rows=6 loops=1)"
"              Index Cond: (itemid = 1)"
"Planning Time: 0.135 ms"
"Execution Time: 0.093 ms"
